Using pre-set license
Built from '2020.3/staging' branch; Version is '2020.3.22f1 (e1a7f79fd887) revision 14788599'; Using compiler version '192528614'; Build Type 'Release'
OS: 'Windows 10 Pro; OS build 19041.1348; Version 2004; 64bit' Language: 'ru' Physical Memory: 16316 MB
BatchMode: 1, IsHumanControllingUs: 0, StartBugReporterOnCrash: 0, Is64bit: 1, IsPro: 0

COMMAND LINE ARGUMENTS:
C:\Program Files\Unity\Hub\Editor\2020.3.22f1\Editor\Unity.exe
-adb2
-batchMode
-noUpm
-name
AssetImportWorker0
-projectPath
G:/Unity/Projects/ProjectAR/ProjectAR/ProjectAR/ProjectAR
-logFile
Logs/AssetImportWorker0.log
-srvPort
58778
Successfully changed project path to: G:/Unity/Projects/ProjectAR/ProjectAR/ProjectAR/ProjectAR
G:/Unity/Projects/ProjectAR/ProjectAR/ProjectAR/ProjectAR
Using Asset Import Pipeline V2.
Refreshing native plugins compatible for Editor in 33.06 ms, found 3 plugins.
Preloading 0 native plugins for Editor in 0.00 ms.
Initialize engine version: 2020.3.22f1 (e1a7f79fd887)
[Subsystems] Discovering subsystems at path C:/Program Files/Unity/Hub/Editor/2020.3.22f1/Editor/Data/Resources/UnitySubsystems
[Subsystems] Discovering subsystems at path G:/Unity/Projects/ProjectAR/ProjectAR/ProjectAR/ProjectAR/Assets
GfxDevice: creating device client; threaded=0
Direct3D:
    Version:  Direct3D 11.0 [level 11.1]
    Renderer: Radeon (TM) RX 480 Graphics (ID=0x67df)
    Vendor:   
    VRAM:     8171 MB
    Driver:   27.20.1034.6
Initialize mono
Mono path[0] = 'C:/Program Files/Unity/Hub/Editor/2020.3.22f1/Editor/Data/Managed'
Mono path[1] = 'C:/Program Files/Unity/Hub/Editor/2020.3.22f1/Editor/Data/MonoBleedingEdge/lib/mono/unityjit'
Mono config path = 'C:/Program Files/Unity/Hub/Editor/2020.3.22f1/Editor/Data/MonoBleedingEdge/etc'
Using monoOptions --debugger-agent=transport=dt_socket,embedding=1,server=y,suspend=n,address=127.0.0.1:56684
Begin MonoManager ReloadAssembly
Registering precompiled unity dll's ...
Register platform support module: C:/Program Files/Unity/Hub/Editor/2020.3.22f1/Editor/Data/PlaybackEngines/WindowsStandaloneSupport/UnityEditor.WindowsStandalone.Extensions.dll
Registered in 0.002479 seconds.
Native extension for WindowsStandalone target not found
Refreshing native plugins compatible for Editor in 28.94 ms, found 3 plugins.
Preloading 0 native plugins for Editor in 0.00 ms.
Mono: successfully reloaded assembly
- Completed reload, in  3.226 seconds
Domain Reload Profiling:
	ReloadAssembly (3226ms)
		BeginReloadAssembly (45ms)
			ExecutionOrderSort (0ms)
			DisableScriptedObjects (0ms)
			BackupInstance (0ms)
			ReleaseScriptingObjects (0ms)
			CreateAndSetChildDomain (1ms)
		EndReloadAssembly (395ms)
			LoadAssemblies (44ms)
			RebuildTransferFunctionScriptingTraits (0ms)
			SetupTypeCache (123ms)
			ReleaseScriptCaches (0ms)
			RebuildScriptCaches (27ms)
			SetupLoadedEditorAssemblies (159ms)
				LogAssemblyErrors (0ms)
				InitializePlatformSupportModulesInManaged (3ms)
				SetLoadedEditorAssemblies (0ms)
				RefreshPlugins (29ms)
				BeforeProcessingInitializeOnLoad (14ms)
				ProcessInitializeOnLoadAttributes (65ms)
				ProcessInitializeOnLoadMethodAttributes (47ms)
				AfterProcessingInitializeOnLoad (0ms)
				EditorAssembliesLoaded (0ms)
			ExecutionOrderSort2 (0ms)
			AwakeInstancesAfterBackupRestoration (0ms)
Platform modules already initialized, skipping
Registering precompiled user dll's ...
Registered in 0.102411 seconds.
Begin MonoManager ReloadAssembly
Native extension for WindowsStandalone target not found
Refreshing native plugins compatible for Editor in 0.48 ms, found 3 plugins.
Preloading 0 native plugins for Editor in 0.00 ms.
Mono: successfully reloaded assembly
- Completed reload, in  1.426 seconds
Domain Reload Profiling:
	ReloadAssembly (1427ms)
		BeginReloadAssembly (118ms)
			ExecutionOrderSort (0ms)
			DisableScriptedObjects (4ms)
			BackupInstance (0ms)
			ReleaseScriptingObjects (0ms)
			CreateAndSetChildDomain (16ms)
		EndReloadAssembly (1259ms)
			LoadAssemblies (654ms)
			RebuildTransferFunctionScriptingTraits (0ms)
			SetupTypeCache (233ms)
			ReleaseScriptCaches (0ms)
			RebuildScriptCaches (37ms)
			SetupLoadedEditorAssemblies (258ms)
				LogAssemblyErrors (0ms)
				InitializePlatformSupportModulesInManaged (4ms)
				SetLoadedEditorAssemblies (0ms)
				RefreshPlugins (1ms)
				BeforeProcessingInitializeOnLoad (65ms)
				ProcessInitializeOnLoadAttributes (171ms)
				ProcessInitializeOnLoadMethodAttributes (11ms)
				AfterProcessingInitializeOnLoad (5ms)
				EditorAssembliesLoaded (0ms)
			ExecutionOrderSort2 (0ms)
			AwakeInstancesAfterBackupRestoration (5ms)
Platform modules already initialized, skipping
========================================================================
Worker process is ready to serve import requests
Launched and connected shader compiler UnityShaderCompiler.exe after 0.06 seconds
Refreshing native plugins compatible for Editor in 0.45 ms, found 3 plugins.
Preloading 0 native plugins for Editor in 0.00 ms.
Unloading 1695 Unused Serialized files (Serialized files now loaded: 0)
System memory in use before: 76.3 MB.
System memory in use after: 76.3 MB.

Unloading 45 unused Assets to reduce memory usage. Loaded Objects now: 2101.
Total: 2.758100 ms (FindLiveObjects: 0.155400 ms CreateObjectMapping: 0.045700 ms MarkObjects: 2.497100 ms  DeleteObjects: 0.059100 ms)

AssetImportParameters requested are different than current active one (requested -> active):
  custom:framework-win-MediaFoundation: 216162199b28c13a410421893ffa2e32 -> 
  custom:video-decoder-ogg-theora: a1e56fd34408186e4bbccfd4996cb3dc -> 
  custom:container-muxer-webm: aa71ff27fc2769a1b78a27578f13a17b -> 
  custom:container-demuxer-webm: 4f35f7cbe854078d1ac9338744f61a02 -> 
  custom:container-demuxer-ogg: 62fdf1f143b41e24485cea50d1cbac27 -> 
  custom:video-encoder-webm-vp8: eb34c28f22e8b96e1ab97ce403110664 -> 
  custom:video-decoder-webm-vp8: 9c59270c3fd7afecdb556c50c9e8de78 -> 
  custom:audio-decoder-ogg-vorbis: bf7c407c2cedff20999df2af8eb42d56 -> 
  custom:audio-encoder-webm-vorbis: bf7c407c2cedff20999df2af8eb42d56 -> 
========================================================================
Received Import Request.
  path: Assets/Resources/Image/ImageTwo.jpg
  artifactKey: Guid(ad34a3178713ca447b09a48f975b0419) Importer(815301076,1909f56bfc062723c751e8b465ee728b)
Start importing Assets/Resources/Image/ImageTwo.jpg using Guid(ad34a3178713ca447b09a48f975b0419) Importer(815301076,1909f56bfc062723c751e8b465ee728b)  -> (artifact id: 'eef916a7d28e3a43d01cf83dbcba1592') in 0.121807 seconds 
  Import took 0.148503 seconds .

========================================================================
Received Import Request.
  Time since last request: 691.644743 seconds.
  path: Assets/Scripts/SputnikController.cs
  artifactKey: Guid(4aa8f350705d99341b51e4c6e5719c5c) Importer(815301076,1909f56bfc062723c751e8b465ee728b)
Start importing Assets/Scripts/SputnikController.cs using Guid(4aa8f350705d99341b51e4c6e5719c5c) Importer(815301076,1909f56bfc062723c751e8b465ee728b)  -> (artifact id: 'd66b36ec1a81efc185c0ea953eba404f') in 0.009921 seconds 
  Import took 0.042556 seconds .

========================================================================
Received Import Request.
  Time since last request: 62.354254 seconds.
  path: Assets/Scripts/SputnikController.cs
  artifactKey: Guid(4aa8f350705d99341b51e4c6e5719c5c) Importer(815301076,1909f56bfc062723c751e8b465ee728b)
Start importing Assets/Scripts/SputnikController.cs using Guid(4aa8f350705d99341b51e4c6e5719c5c) Importer(815301076,1909f56bfc062723c751e8b465ee728b)  -> (artifact id: '54addf143f2ea0b2b616f5965177f4c1') in 0.001510 seconds 
  Import took 0.020747 seconds .

========================================================================
Received Import Request.
  Time since last request: 14.592529 seconds.
  path: Assets/Scripts/SputnikController.cs
  artifactKey: Guid(4aa8f350705d99341b51e4c6e5719c5c) Importer(815301076,1909f56bfc062723c751e8b465ee728b)
Start importing Assets/Scripts/SputnikController.cs using Guid(4aa8f350705d99341b51e4c6e5719c5c) Importer(815301076,1909f56bfc062723c751e8b465ee728b)  -> (artifact id: 'aabd2f70ec6c890e73bfe7a1d08ff0fa') in 0.001392 seconds 
  Import took 0.008533 seconds .

========================================================================
Received Import Request.
  Time since last request: 144.467899 seconds.
  path: Assets/Scripts/SputnikController.cs
  artifactKey: Guid(4aa8f350705d99341b51e4c6e5719c5c) Importer(815301076,1909f56bfc062723c751e8b465ee728b)
Start importing Assets/Scripts/SputnikController.cs using Guid(4aa8f350705d99341b51e4c6e5719c5c) Importer(815301076,1909f56bfc062723c751e8b465ee728b)  -> (artifact id: '83bc5ac541d3d999c517b395346e04d9') in 0.002662 seconds 
  Import took 0.016295 seconds .

========================================================================
Received Import Request.
  Time since last request: 10.233326 seconds.
  path: Assets/Scripts/SputnikController.cs
  artifactKey: Guid(4aa8f350705d99341b51e4c6e5719c5c) Importer(815301076,1909f56bfc062723c751e8b465ee728b)
Start importing Assets/Scripts/SputnikController.cs using Guid(4aa8f350705d99341b51e4c6e5719c5c) Importer(815301076,1909f56bfc062723c751e8b465ee728b)  -> (artifact id: '988ace531f80e37d3d78a0c93431c2e7') in 0.002587 seconds 
  Import took 0.023724 seconds .

========================================================================
Received Import Request.
  Time since last request: 89.158513 seconds.
  path: Assets/Scripts/SputnikController.cs
  artifactKey: Guid(4aa8f350705d99341b51e4c6e5719c5c) Importer(815301076,1909f56bfc062723c751e8b465ee728b)
Start importing Assets/Scripts/SputnikController.cs using Guid(4aa8f350705d99341b51e4c6e5719c5c) Importer(815301076,1909f56bfc062723c751e8b465ee728b)  -> (artifact id: '58f5491f7542093fc1535570bc233b09') in 0.001574 seconds 
  Import took 0.042310 seconds .

========================================================================
Received Import Request.
  Time since last request: 17.811620 seconds.
  path: Assets/Scripts/SputnikController.cs
  artifactKey: Guid(4aa8f350705d99341b51e4c6e5719c5c) Importer(815301076,1909f56bfc062723c751e8b465ee728b)
Start importing Assets/Scripts/SputnikController.cs using Guid(4aa8f350705d99341b51e4c6e5719c5c) Importer(815301076,1909f56bfc062723c751e8b465ee728b)  -> (artifact id: 'e7c813dde40a2f4d6db2b7b35fd6079e') in 0.002847 seconds 
  Import took 0.005583 seconds .

========================================================================
Received Import Request.
  Time since last request: 25.226151 seconds.
  path: Assets/Scripts/SputnikController.cs
  artifactKey: Guid(4aa8f350705d99341b51e4c6e5719c5c) Importer(815301076,1909f56bfc062723c751e8b465ee728b)
Start importing Assets/Scripts/SputnikController.cs using Guid(4aa8f350705d99341b51e4c6e5719c5c) Importer(815301076,1909f56bfc062723c751e8b465ee728b)  -> (artifact id: '1ee662d4698c2c7a9c878a0315c0d9df') in 0.002792 seconds 
  Import took 0.005645 seconds .

========================================================================
Received Import Request.
  Time since last request: 2.744957 seconds.
  path: Assets/Scripts/SputnikController.cs
  artifactKey: Guid(4aa8f350705d99341b51e4c6e5719c5c) Importer(815301076,1909f56bfc062723c751e8b465ee728b)
Start importing Assets/Scripts/SputnikController.cs using Guid(4aa8f350705d99341b51e4c6e5719c5c) Importer(815301076,1909f56bfc062723c751e8b465ee728b)  -> (artifact id: '601533458733904aaacab7a777537bda') in 0.002402 seconds 
  Import took 0.017127 seconds .

========================================================================
Received Prepare
Registering precompiled user dll's ...
Registered in 0.002761 seconds.
Begin MonoManager ReloadAssembly
Native extension for WindowsStandalone target not found
Refreshing native plugins compatible for Editor in 0.49 ms, found 3 plugins.
Preloading 0 native plugins for Editor in 0.00 ms.
Mono: successfully reloaded assembly
- Completed reload, in  0.817 seconds
Domain Reload Profiling:
	ReloadAssembly (817ms)
		BeginReloadAssembly (91ms)
			ExecutionOrderSort (0ms)
			DisableScriptedObjects (4ms)
			BackupInstance (0ms)
			ReleaseScriptingObjects (0ms)
			CreateAndSetChildDomain (29ms)
		EndReloadAssembly (673ms)
			LoadAssemblies (74ms)
			RebuildTransferFunctionScriptingTraits (0ms)
			SetupTypeCache (242ms)
			ReleaseScriptCaches (1ms)
			RebuildScriptCaches (33ms)
			SetupLoadedEditorAssemblies (239ms)
				LogAssemblyErrors (0ms)
				InitializePlatformSupportModulesInManaged (4ms)
				SetLoadedEditorAssemblies (0ms)
				RefreshPlugins (1ms)
				BeforeProcessingInitializeOnLoad (61ms)
				ProcessInitializeOnLoadAttributes (158ms)
				ProcessInitializeOnLoadMethodAttributes (9ms)
				AfterProcessingInitializeOnLoad (5ms)
				EditorAssembliesLoaded (0ms)
			ExecutionOrderSort2 (0ms)
			AwakeInstancesAfterBackupRestoration (6ms)
Platform modules already initialized, skipping
Switching build target platform(19) subTarget(0) extendedPlatform(0) -> platform(13) subTarget(524288) extendedPlatform(0)
Refreshing native plugins compatible for Editor in 0.54 ms, found 3 plugins.
Preloading 0 native plugins for Editor in 0.00 ms.
Unloading 1683 Unused Serialized files (Serialized files now loaded: 0)
System memory in use before: 75.1 MB.
System memory in use after: 75.2 MB.

Unloading 40 unused Assets to reduce memory usage. Loaded Objects now: 2105.
Total: 2.867700 ms (FindLiveObjects: 0.165900 ms CreateObjectMapping: 0.042500 ms MarkObjects: 2.638400 ms  DeleteObjects: 0.020100 ms)

AssetImportParameters requested are different than current active one (requested -> active):
  custom:framework-win-MediaFoundation: 216162199b28c13a410421893ffa2e32 -> 
  custom:video-decoder-ogg-theora: a1e56fd34408186e4bbccfd4996cb3dc -> 
  custom:container-muxer-webm: aa71ff27fc2769a1b78a27578f13a17b -> 
  custom:container-demuxer-webm: 4f35f7cbe854078d1ac9338744f61a02 -> 
  custom:container-demuxer-ogg: 62fdf1f143b41e24485cea50d1cbac27 -> 
  custom:video-encoder-webm-vp8: eb34c28f22e8b96e1ab97ce403110664 -> 
  custom:video-decoder-webm-vp8: 9c59270c3fd7afecdb556c50c9e8de78 -> 
  custom:graphics/normal-map-encoding: 01000000000000000000000000000000 -> 02000000000000000000000000000000
  custom:audio-decoder-ogg-vorbis: bf7c407c2cedff20999df2af8eb42d56 -> 
  custom:audio-encoder-webm-vorbis: bf7c407c2cedff20999df2af8eb42d56 -> 
========================================================================
Received Prepare
Refreshing native plugins compatible for Editor in 6.13 ms, found 3 plugins.
Preloading 0 native plugins for Editor in 0.00 ms.
Unloading 38 Unused Serialized files (Serialized files now loaded: 0)
System memory in use before: 42.4 MB.
System memory in use after: 42.6 MB.

Unloading 38 unused Assets to reduce memory usage. Loaded Objects now: 2105.
Total: 2.793800 ms (FindLiveObjects: 0.159800 ms CreateObjectMapping: 0.052900 ms MarkObjects: 2.561300 ms  DeleteObjects: 0.018800 ms)

AssetImportParameters requested are different than current active one (requested -> active):
  custom:framework-win-MediaFoundation: 216162199b28c13a410421893ffa2e32 -> 
  custom:video-decoder-ogg-theora: a1e56fd34408186e4bbccfd4996cb3dc -> 
  custom:container-muxer-webm: aa71ff27fc2769a1b78a27578f13a17b -> 
  custom:container-demuxer-webm: 4f35f7cbe854078d1ac9338744f61a02 -> 
  custom:container-demuxer-ogg: 62fdf1f143b41e24485cea50d1cbac27 -> 
  custom:video-encoder-webm-vp8: eb34c28f22e8b96e1ab97ce403110664 -> 
  custom:video-decoder-webm-vp8: 9c59270c3fd7afecdb556c50c9e8de78 -> 
  custom:audio-decoder-ogg-vorbis: bf7c407c2cedff20999df2af8eb42d56 -> 
  custom:audio-encoder-webm-vorbis: bf7c407c2cedff20999df2af8eb42d56 -> 
